<?xml version="1.0" encoding="UTF-8"?>
<testng-results skipped="0" failed="0" total="1" passed="1">
  <reporter-output>
  </reporter-output>
  <suite name="Default suite" duration-ms="516" started-at="2017-10-11T01:28:02Z" finished-at="2017-10-11T01:28:02Z">
    <groups>
    </groups>
    <test name="Default test" duration-ms="516" started-at="2017-10-11T01:28:02Z" finished-at="2017-10-11T01:28:02Z">
      <class name="com.smart.aspectj.advanced.AdvancedTest">
        <test-method status="PASS" signature="advance()[pri:0, instance:com.smart.aspectj.advanced.AdvancedTest@1753acfe]" name="advance" duration-ms="500" started-at="2017-10-11T09:28:02Z" finished-at="2017-10-11T09:28:02Z">
          <reporter-output>
          </reporter-output>
        </test-method> <!-- advance -->
      </class> <!-- com.smart.aspectj.advanced.AdvancedTest -->
    </test> <!-- Default test -->
  </suite> <!-- Default suite -->
</testng-results>
