<?xml version="1.0" encoding="UTF-8"?>
<testng-results skipped="0" failed="0" total="1" passed="1">
  <reporter-output>
  </reporter-output>
  <suite name="Default suite" duration-ms="548" started-at="2017-10-21T02:01:18Z" finished-at="2017-10-21T02:01:19Z">
    <groups>
    </groups>
    <test name="Default test" duration-ms="548" started-at="2017-10-21T02:01:18Z" finished-at="2017-10-21T02:01:19Z">
      <class name="com.qin.controller.UserControllerTest">
        <test-method status="PASS" signature="test12()[pri:0, instance:com.qin.controller.UserControllerTest@20398b7c]" name="test12" duration-ms="526" started-at="2017-10-21T10:01:18Z" finished-at="2017-10-21T10:01:19Z">
          <reporter-output>
          </reporter-output>
        </test-method> <!-- test12 -->
      </class> <!-- com.qin.controller.UserControllerTest -->
    </test> <!-- Default test -->
  </suite> <!-- Default suite -->
</testng-results>
