<?xml version="1.0" encoding="UTF-8"?>
<testng-results skipped="7" failed="0" total="7" passed="0">
  <reporter-output>
  </reporter-output>
  <suite name="Default suite" duration-ms="3004" started-at="2017-10-24T02:15:23Z" finished-at="2017-10-24T02:15:26Z">
    <groups>
    </groups>
    <test name="Default test" duration-ms="3004" started-at="2017-10-24T02:15:23Z" finished-at="2017-10-24T02:15:26Z">
      <class name="com.smart.service.ForumServiceTest">
        <test-method status="PASS" signature="unitilsBeforeClass()[pri:0, instance:com.smart.service.ForumServiceTest@63753b6d]" name="unitilsBeforeClass" is-config="true" duration-ms="131" started-at="2017-10-24T10:15:23Z" finished-at="2017-10-24T10:15:23Z">
          <reporter-output>
          </reporter-output>
        </test-method> <!-- unitilsBeforeClass -->
        <test-method status="FAIL" signature="unitilsBeforeTestSetUp(java.lang.reflect.Method)[pri:0, instance:com.smart.service.ForumServiceTest@63753b6d]" name="unitilsBeforeTestSetUp" is-config="true" duration-ms="0" started-at="2017-10-24T10:15:23Z" finished-at="2017-10-24T10:15:23Z">
          <params>
            <param index="0">
              <value>
                <![CDATA[public void com.smart.service.ForumServiceTest.addBoard() throws java.lang.Exception]]>
              </value>
            </param>
          </params>
          <exception class="org.unitils.core.UnitilsException">
            <message>
              <![CDATA[Error inserting test data from DbUnit dataset for method public void com.smart.service.ForumServiceTest.addBoard() throws java.lang.Exception]]>
            </message>
            <full-stacktrace>
              <![CDATA[org.unitils.core.UnitilsException: Error inserting test data from DbUnit dataset for method public void com.smart.service.ForumServiceTest.addBoard() throws java.lang.Exception
	at org.unitils.dbunit.DbUnitModule.insertDataSet(DbUnitModule.java:190)
	at org.unitils.dbunit.DbUnitModule$DbUnitListener.beforeTestSetUp(DbUnitModule.java:791)
	at org.unitils.core.Unitils$UnitilsTestListener.beforeTestSetUp(Unitils.java:273)
	at org.unitils.UnitilsTestNG.unitilsBeforeTestSetUp(UnitilsTestNG.java:62)
	at sun.reflect.NativeMethodAccessorImpl.invoke0(Native Method)
	at sun.reflect.NativeMethodAccessorImpl.invoke(Unknown Source)
	at sun.reflect.DelegatingMethodAccessorImpl.invoke(Unknown Source)
	at java.lang.reflect.Method.invoke(Unknown Source)
	at org.testng.internal.MethodInvocationHelper.invokeMethod(MethodInvocationHelper.java:84)
	at org.testng.internal.Invoker.invokeConfigurationMethod(Invoker.java:564)
	at org.testng.internal.Invoker.invokeConfigurations(Invoker.java:213)
	at org.testng.internal.Invoker.invokeMethod(Invoker.java:653)
	at org.testng.internal.Invoker.invokeTestMethod(Invoker.java:901)
	at org.testng.internal.Invoker.invokeTestMethods(Invoker.java:1231)
	at org.testng.internal.TestMethodWorker.invokeTestMethods(TestMethodWorker.java:127)
	at org.testng.internal.TestMethodWorker.run(TestMethodWorker.java:111)
	at org.testng.TestRunner.privateRun(TestRunner.java:767)
	at org.testng.TestRunner.run(TestRunner.java:617)
	at org.testng.SuiteRunner.runTest(SuiteRunner.java:334)
	at org.testng.SuiteRunner.runSequentially(SuiteRunner.java:329)
	at org.testng.SuiteRunner.privateRun(SuiteRunner.java:291)
	at org.testng.SuiteRunner.run(SuiteRunner.java:240)
	at org.testng.SuiteRunnerWorker.runSuite(SuiteRunnerWorker.java:52)
	at org.testng.SuiteRunnerWorker.run(SuiteRunnerWorker.java:86)
	at org.testng.TestNG.runSuitesSequentially(TestNG.java:1224)
	at org.testng.TestNG.runSuitesLocally(TestNG.java:1149)
	at org.testng.TestNG.run(TestNG.java:1057)
	at org.testng.remote.AbstractRemoteTestNG.run(AbstractRemoteTestNG.java:114)
	at org.testng.remote.RemoteTestNG.initAndRun(RemoteTestNG.java:251)
	at org.testng.remote.RemoteTestNG.main(RemoteTestNG.java:77)
Caused by: org.unitils.core.UnitilsException: Unable to determine identifier quote string.
	at org.unitils.core.dbsupport.DbSupport.determineIdentifierQuoteString(DbSupport.java:516)
	at org.unitils.core.dbsupport.DbSupport.init(DbSupport.java:94)
	at org.unitils.core.dbsupport.DbSupportFactory.getDbSupport(DbSupportFactory.java:77)
	at org.unitils.core.dbsupport.DbSupportFactory.getDefaultDbSupport(DbSupportFactory.java:56)
	at org.unitils.dbunit.DbUnitModule.getDefaultDbSupport(DbUnitModule.java:755)
	at org.unitils.dbunit.DbUnitModule.getDataSetFactory(DbUnitModule.java:725)
	at org.unitils.dbunit.DbUnitModule.getDataSetFactory(DbUnitModule.java:713)
	at org.unitils.dbunit.DbUnitModule.getDataSet(DbUnitModule.java:441)
	at org.unitils.dbunit.DbUnitModule.insertDataSet(DbUnitModule.java:261)
	at org.unitils.dbunit.DbUnitModule.insertDataSet(DbUnitModule.java:187)
	... 29 more
Caused by: org.apache.commons.dbcp.SQLNestedException: Cannot create PoolableConnectionFactory (Access denied for user 'root'@'localhost' (using password: YES))
	at org.apache.commons.dbcp.BasicDataSource.createPoolableConnectionFactory(BasicDataSource.java:1549)
	at org.apache.commons.dbcp.BasicDataSource.createDataSource(BasicDataSource.java:1388)
	at org.apache.commons.dbcp.BasicDataSource.getConnection(BasicDataSource.java:1044)
	at org.unitils.core.dbsupport.DbSupport.determineIdentifierQuoteString(DbSupport.java:506)
	... 38 more
Caused by: java.sql.SQLException: Access denied for user 'root'@'localhost' (using password: YES)
	at com.mysql.jdbc.SQLError.createSQLException(SQLError.java:964)
	at com.mysql.jdbc.MysqlIO.checkErrorPacket(MysqlIO.java:3973)
	at com.mysql.jdbc.MysqlIO.checkErrorPacket(MysqlIO.java:3909)
	at com.mysql.jdbc.MysqlIO.checkErrorPacket(MysqlIO.java:873)
	at com.mysql.jdbc.MysqlIO.proceedHandshakeWithPluggableAuthentication(MysqlIO.java:1710)
	at com.mysql.jdbc.MysqlIO.doHandshake(MysqlIO.java:1226)
	at com.mysql.jdbc.ConnectionImpl.coreConnect(ConnectionImpl.java:2191)
	at com.mysql.jdbc.ConnectionImpl.connectOneTryOnly(ConnectionImpl.java:2222)
	at com.mysql.jdbc.ConnectionImpl.createNewIO(ConnectionImpl.java:2017)
	at com.mysql.jdbc.ConnectionImpl.<init>(ConnectionImpl.java:779)
	at com.mysql.jdbc.JDBC4Connection.<init>(JDBC4Connection.java:47)
	at sun.reflect.NativeConstructorAccessorImpl.newInstance0(Native Method)
	at sun.reflect.NativeConstructorAccessorImpl.newInstance(Unknown Source)
	at sun.reflect.DelegatingConstructorAccessorImpl.newInstance(Unknown Source)
	at java.lang.reflect.Constructor.newInstance(Unknown Source)
	at com.mysql.jdbc.Util.handleNewInstance(Util.java:425)
	at com.mysql.jdbc.ConnectionImpl.getInstance(ConnectionImpl.java:389)
	at com.mysql.jdbc.NonRegisteringDriver.connect(NonRegisteringDriver.java:330)
	at org.apache.commons.dbcp.DriverConnectionFactory.createConnection(DriverConnectionFactory.java:38)
	at org.apache.commons.dbcp.PoolableConnectionFactory.makeObject(PoolableConnectionFactory.java:582)
	at org.apache.commons.dbcp.BasicDataSource.validateConnectionFactory(BasicDataSource.java:1556)
	at org.apache.commons.dbcp.BasicDataSource.createPoolableConnectionFactory(BasicDataSource.java:1545)
	... 41 more
]]>
            </full-stacktrace>
          </exception> <!-- org.unitils.core.UnitilsException -->
          <reporter-output>
          </reporter-output>
        </test-method> <!-- unitilsBeforeTestSetUp -->
        <test-method status="SKIP" signature="addBoard()[pri:0, instance:com.smart.service.ForumServiceTest@63753b6d]" name="addBoard" duration-ms="10" started-at="2017-10-24T10:15:26Z" finished-at="2017-10-24T10:15:26Z">
          <reporter-output>
          </reporter-output>
        </test-method> <!-- addBoard -->
        <test-method status="SKIP" signature="init()[pri:0, instance:com.smart.service.ForumServiceTest@63753b6d]" name="init" is-config="true" duration-ms="0" started-at="2017-10-24T10:15:26Z" finished-at="2017-10-24T10:15:26Z">
          <reporter-output>
          </reporter-output>
        </test-method> <!-- init -->
        <test-method status="PASS" signature="unitilsAfterTestTearDown(java.lang.reflect.Method)[pri:0, instance:com.smart.service.ForumServiceTest@63753b6d]" name="unitilsAfterTestTearDown" is-config="true" duration-ms="30" started-at="2017-10-24T10:15:26Z" finished-at="2017-10-24T10:15:26Z">
          <params>
            <param index="0">
              <value>
                <![CDATA[public void com.smart.service.ForumServiceTest.addBoard() throws java.lang.Exception]]>
              </value>
            </param>
          </params>
          <reporter-output>
          </reporter-output>
        </test-method> <!-- unitilsAfterTestTearDown -->
        <test-method status="SKIP" signature="unitilsBeforeTestSetUp(java.lang.reflect.Method)[pri:0, instance:com.smart.service.ForumServiceTest@63753b6d]" name="unitilsBeforeTestSetUp" is-config="true" duration-ms="0" started-at="2017-10-24T10:15:26Z" finished-at="2017-10-24T10:15:26Z">
          <reporter-output>
          </reporter-output>
        </test-method> <!-- unitilsBeforeTestSetUp -->
        <test-method status="PASS" signature="unitilsAfterTestTearDown(java.lang.reflect.Method)[pri:0, instance:com.smart.service.ForumServiceTest@63753b6d]" name="unitilsAfterTestTearDown" is-config="true" duration-ms="0" started-at="2017-10-24T10:15:26Z" finished-at="2017-10-24T10:15:26Z">
          <params>
            <param index="0">
              <value>
                <![CDATA[public void com.smart.service.ForumServiceTest.addBoardManager()]]>
              </value>
            </param>
          </params>
          <reporter-output>
          </reporter-output>
        </test-method> <!-- unitilsAfterTestTearDown -->
        <test-method status="SKIP" signature="init()[pri:0, instance:com.smart.service.ForumServiceTest@63753b6d]" name="init" is-config="true" duration-ms="0" started-at="2017-10-24T10:15:26Z" finished-at="2017-10-24T10:15:26Z">
          <reporter-output>
          </reporter-output>
        </test-method> <!-- init -->
        <test-method status="SKIP" signature="addBoardManager()[pri:0, instance:com.smart.service.ForumServiceTest@63753b6d]" name="addBoardManager" duration-ms="0" started-at="2017-10-24T10:15:26Z" finished-at="2017-10-24T10:15:26Z">
          <reporter-output>
          </reporter-output>
        </test-method> <!-- addBoardManager -->
        <test-method status="SKIP" signature="unitilsBeforeTestSetUp(java.lang.reflect.Method)[pri:0, instance:com.smart.service.ForumServiceTest@63753b6d]" name="unitilsBeforeTestSetUp" is-config="true" duration-ms="0" started-at="2017-10-24T10:15:26Z" finished-at="2017-10-24T10:15:26Z">
          <reporter-output>
          </reporter-output>
        </test-method> <!-- unitilsBeforeTestSetUp -->
        <test-method status="SKIP" signature="addPost()[pri:0, instance:com.smart.service.ForumServiceTest@63753b6d]" name="addPost" duration-ms="0" started-at="2017-10-24T10:15:26Z" finished-at="2017-10-24T10:15:26Z">
          <reporter-output>
          </reporter-output>
        </test-method> <!-- addPost -->
        <test-method status="PASS" signature="unitilsAfterTestTearDown(java.lang.reflect.Method)[pri:0, instance:com.smart.service.ForumServiceTest@63753b6d]" name="unitilsAfterTestTearDown" is-config="true" duration-ms="0" started-at="2017-10-24T10:15:26Z" finished-at="2017-10-24T10:15:26Z">
          <params>
            <param index="0">
              <value>
                <![CDATA[public void com.smart.service.ForumServiceTest.addPost() throws java.lang.Exception]]>
              </value>
            </param>
          </params>
          <reporter-output>
          </reporter-output>
        </test-method> <!-- unitilsAfterTestTearDown -->
        <test-method status="SKIP" signature="unitilsBeforeTestSetUp(java.lang.reflect.Method)[pri:0, instance:com.smart.service.ForumServiceTest@63753b6d]" name="unitilsBeforeTestSetUp" is-config="true" duration-ms="0" started-at="2017-10-24T10:15:26Z" finished-at="2017-10-24T10:15:26Z">
          <reporter-output>
          </reporter-output>
        </test-method> <!-- unitilsBeforeTestSetUp -->
        <test-method status="SKIP" signature="init()[pri:0, instance:com.smart.service.ForumServiceTest@63753b6d]" name="init" is-config="true" duration-ms="0" started-at="2017-10-24T10:15:26Z" finished-at="2017-10-24T10:15:26Z">
          <reporter-output>
          </reporter-output>
        </test-method> <!-- init -->
        <test-method status="SKIP" signature="init()[pri:0, instance:com.smart.service.ForumServiceTest@63753b6d]" name="init" is-config="true" duration-ms="0" started-at="2017-10-24T10:15:26Z" finished-at="2017-10-24T10:15:26Z">
          <reporter-output>
          </reporter-output>
        </test-method> <!-- init -->
        <test-method status="PASS" signature="unitilsAfterTestTearDown(java.lang.reflect.Method)[pri:0, instance:com.smart.service.ForumServiceTest@63753b6d]" name="unitilsAfterTestTearDown" is-config="true" duration-ms="0" started-at="2017-10-24T10:15:26Z" finished-at="2017-10-24T10:15:26Z">
          <params>
            <param index="0">
              <value>
                <![CDATA[public void com.smart.service.ForumServiceTest.removePost()]]>
              </value>
            </param>
          </params>
          <reporter-output>
          </reporter-output>
        </test-method> <!-- unitilsAfterTestTearDown -->
        <test-method status="SKIP" signature="init()[pri:0, instance:com.smart.service.ForumServiceTest@63753b6d]" name="init" is-config="true" duration-ms="0" started-at="2017-10-24T10:15:26Z" finished-at="2017-10-24T10:15:26Z">
          <reporter-output>
          </reporter-output>
        </test-method> <!-- init -->
        <test-method status="SKIP" signature="makeDigestTopic()[pri:0, instance:com.smart.service.ForumServiceTest@63753b6d]" name="makeDigestTopic" duration-ms="0" started-at="2017-10-24T10:15:26Z" finished-at="2017-10-24T10:15:26Z">
          <reporter-output>
          </reporter-output>
        </test-method> <!-- makeDigestTopic -->
        <test-method status="SKIP" signature="unitilsBeforeTestSetUp(java.lang.reflect.Method)[pri:0, instance:com.smart.service.ForumServiceTest@63753b6d]" name="unitilsBeforeTestSetUp" is-config="true" duration-ms="0" started-at="2017-10-24T10:15:26Z" finished-at="2017-10-24T10:15:26Z">
          <reporter-output>
          </reporter-output>
        </test-method> <!-- unitilsBeforeTestSetUp -->
        <test-method status="SKIP" signature="unitilsBeforeTestSetUp(java.lang.reflect.Method)[pri:0, instance:com.smart.service.ForumServiceTest@63753b6d]" name="unitilsBeforeTestSetUp" is-config="true" duration-ms="0" started-at="2017-10-24T10:15:26Z" finished-at="2017-10-24T10:15:26Z">
          <reporter-output>
          </reporter-output>
        </test-method> <!-- unitilsBeforeTestSetUp -->
        <test-method status="SKIP" signature="unitilsBeforeTestSetUp(java.lang.reflect.Method)[pri:0, instance:com.smart.service.ForumServiceTest@63753b6d]" name="unitilsBeforeTestSetUp" is-config="true" duration-ms="0" started-at="2017-10-24T10:15:26Z" finished-at="2017-10-24T10:15:26Z">
          <reporter-output>
          </reporter-output>
        </test-method> <!-- unitilsBeforeTestSetUp -->
        <test-method status="PASS" signature="unitilsAfterTestTearDown(java.lang.reflect.Method)[pri:0, instance:com.smart.service.ForumServiceTest@63753b6d]" name="unitilsAfterTestTearDown" is-config="true" duration-ms="0" started-at="2017-10-24T10:15:26Z" finished-at="2017-10-24T10:15:26Z">
          <params>
            <param index="0">
              <value>
                <![CDATA[public void com.smart.service.ForumServiceTest.addTopic() throws java.lang.Exception]]>
              </value>
            </param>
          </params>
          <reporter-output>
          </reporter-output>
        </test-method> <!-- unitilsAfterTestTearDown -->
        <test-method status="SKIP" signature="init()[pri:0, instance:com.smart.service.ForumServiceTest@63753b6d]" name="init" is-config="true" duration-ms="0" started-at="2017-10-24T10:15:26Z" finished-at="2017-10-24T10:15:26Z">
          <reporter-output>
          </reporter-output>
        </test-method> <!-- init -->
        <test-method status="SKIP" signature="addTopic()[pri:0, instance:com.smart.service.ForumServiceTest@63753b6d]" name="addTopic" duration-ms="0" started-at="2017-10-24T10:15:26Z" finished-at="2017-10-24T10:15:26Z">
          <reporter-output>
          </reporter-output>
        </test-method> <!-- addTopic -->
        <test-method status="PASS" signature="unitilsAfterTestTearDown(java.lang.reflect.Method)[pri:0, instance:com.smart.service.ForumServiceTest@63753b6d]" name="unitilsAfterTestTearDown" is-config="true" duration-ms="0" started-at="2017-10-24T10:15:26Z" finished-at="2017-10-24T10:15:26Z">
          <params>
            <param index="0">
              <value>
                <![CDATA[public void com.smart.service.ForumServiceTest.makeDigestTopic() throws java.lang.Exception]]>
              </value>
            </param>
          </params>
          <reporter-output>
          </reporter-output>
        </test-method> <!-- unitilsAfterTestTearDown -->
        <test-method status="SKIP" signature="removePost()[pri:0, instance:com.smart.service.ForumServiceTest@63753b6d]" name="removePost" duration-ms="0" started-at="2017-10-24T10:15:26Z" finished-at="2017-10-24T10:15:26Z">
          <reporter-output>
          </reporter-output>
        </test-method> <!-- removePost -->
        <test-method status="PASS" signature="unitilsAfterTestTearDown(java.lang.reflect.Method)[pri:0, instance:com.smart.service.ForumServiceTest@63753b6d]" name="unitilsAfterTestTearDown" is-config="true" duration-ms="0" started-at="2017-10-24T10:15:26Z" finished-at="2017-10-24T10:15:26Z">
          <params>
            <param index="0">
              <value>
                <![CDATA[public void com.smart.service.ForumServiceTest.removeTopic()]]>
              </value>
            </param>
          </params>
          <reporter-output>
          </reporter-output>
        </test-method> <!-- unitilsAfterTestTearDown -->
        <test-method status="SKIP" signature="removeTopic()[pri:0, instance:com.smart.service.ForumServiceTest@63753b6d]" name="removeTopic" duration-ms="0" started-at="2017-10-24T10:15:26Z" finished-at="2017-10-24T10:15:26Z">
          <reporter-output>
          </reporter-output>
        </test-method> <!-- removeTopic -->
        <test-method status="SKIP" signature="init()[pri:0, instance:com.smart.service.ForumServiceTest@63753b6d]" name="init" is-config="true" duration-ms="0" started-at="2017-10-24T10:15:26Z" finished-at="2017-10-24T10:15:26Z">
          <reporter-output>
          </reporter-output>
        </test-method> <!-- init -->
      </class> <!-- com.smart.service.ForumServiceTest -->
    </test> <!-- Default test -->
  </suite> <!-- Default suite -->
</testng-results>
