<?xml version="1.0" encoding="UTF-8"?>
<testng-results skipped="0" failed="0" total="1" passed="1">
  <reporter-output>
  </reporter-output>
  <suite name="Default suite" duration-ms="1172" started-at="2017-10-14T09:02:33Z" finished-at="2017-10-14T09:02:35Z">
    <groups>
    </groups>
    <test name="Default test" duration-ms="1172" started-at="2017-10-14T09:02:33Z" finished-at="2017-10-14T09:02:35Z">
      <class name="com.smart.dao.hibernate.TestXmlHibernateDao">
        <test-method status="PASS" signature="springTestContextBeforeTestClass()[pri:0, instance:com.smart.dao.hibernate.TestXmlHibernateDao@eafc191]" name="springTestContextBeforeTestClass" is-config="true" duration-ms="15" started-at="2017-10-14T17:02:33Z" finished-at="2017-10-14T17:02:33Z">
          <reporter-output>
          </reporter-output>
        </test-method> <!-- springTestContextBeforeTestClass -->
        <test-method status="PASS" signature="springTestContextPrepareTestInstance()[pri:0, instance:com.smart.dao.hibernate.TestXmlHibernateDao@eafc191]" name="springTestContextPrepareTestInstance" is-config="true" duration-ms="1012" started-at="2017-10-14T17:02:33Z" depends-on-methods="org.springframework.test.context.testng.AbstractTestNGSpringContextTests.springTestContextBeforeTestClass" finished-at="2017-10-14T17:02:35Z">
          <reporter-output>
          </reporter-output>
        </test-method> <!-- springTestContextPrepareTestInstance -->
        <test-method status="PASS" signature="springTestContextBeforeTestMethod(java.lang.reflect.Method)[pri:0, instance:com.smart.dao.hibernate.TestXmlHibernateDao@eafc191]" name="springTestContextBeforeTestMethod" is-config="true" duration-ms="47" started-at="2017-10-14T17:02:35Z" finished-at="2017-10-14T17:02:35Z">
          <params>
            <param index="0">
              <value>
                <![CDATA[public void com.smart.dao.hibernate.TestXmlHibernateDao.testAddPost() throws java.lang.Throwable]]>
              </value>
            </param>
          </params>
          <reporter-output>
          </reporter-output>
        </test-method> <!-- springTestContextBeforeTestMethod -->
        <test-method status="PASS" signature="testAddPost()[pri:0, instance:com.smart.dao.hibernate.TestXmlHibernateDao@eafc191]" name="testAddPost" duration-ms="82" started-at="2017-10-14T17:02:35Z" finished-at="2017-10-14T17:02:35Z">
          <reporter-output>
          </reporter-output>
        </test-method> <!-- testAddPost -->
        <test-method status="PASS" signature="springTestContextAfterTestClass()[pri:0, instance:com.smart.dao.hibernate.TestXmlHibernateDao@eafc191]" name="springTestContextAfterTestClass" is-config="true" duration-ms="0" started-at="2017-10-14T17:02:35Z" finished-at="2017-10-14T17:02:35Z">
          <reporter-output>
          </reporter-output>
        </test-method> <!-- springTestContextAfterTestClass -->
        <test-method status="PASS" signature="springTestContextAfterTestMethod(java.lang.reflect.Method)[pri:0, instance:com.smart.dao.hibernate.TestXmlHibernateDao@eafc191]" name="springTestContextAfterTestMethod" is-config="true" duration-ms="0" started-at="2017-10-14T17:02:35Z" finished-at="2017-10-14T17:02:35Z">
          <params>
            <param index="0">
              <value>
                <![CDATA[public void com.smart.dao.hibernate.TestXmlHibernateDao.testAddPost() throws java.lang.Throwable]]>
              </value>
            </param>
          </params>
          <reporter-output>
          </reporter-output>
        </test-method> <!-- springTestContextAfterTestMethod -->
      </class> <!-- com.smart.dao.hibernate.TestXmlHibernateDao -->
    </test> <!-- Default test -->
  </suite> <!-- Default suite -->
</testng-results>
